[debug] [2023-04-08T20:24:42.550Z] ----------------------------------------------------------------------
[debug] [2023-04-08T20:24:42.559Z] Command:       C:\Program Files\nodejs\node.exe C:\Users\Charles\AppData\Roaming\npm\node_modules\firebase-tools\lib\bin\firebase.js init
[debug] [2023-04-08T20:24:42.562Z] CLI Version:   11.19.0
[debug] [2023-04-08T20:24:42.562Z] Platform:      win32
[debug] [2023-04-08T20:24:42.563Z] Node Version:  v18.13.0
[debug] [2023-04-08T20:24:42.566Z] Time:          Sat Apr 08 2023 13:24:42 GMT-0700 (Pacific Daylight Time)
[debug] [2023-04-08T20:24:42.568Z] ----------------------------------------------------------------------
[debug] 
[debug] [2023-04-08T20:24:42.583Z] >>> [apiv2][query] GET https://firebase-public.firebaseio.com/cli.json [none]
[debug] [2023-04-08T20:24:42.835Z] > command requires scopes: ["email","openid","https://www.googleapis.com/auth/cloudplatformprojects.readonly","https://www.googleapis.com/auth/firebase","https://www.googleapis.com/auth/cloud-platform"]
[debug] [2023-04-08T20:24:42.837Z] > authorizing via signed-in user (michthebrand@gmail.com)
[info] 
     ######## #### ########  ######## ########     ###     ######  ########
     ##        ##  ##     ## ##       ##     ##  ##   ##  ##       ##
     ######    ##  ########  ######   ########  #########  ######  ######
     ##        ##  ##    ##  ##       ##     ## ##     ##       ## ##
     ##       #### ##     ## ######## ########  ##     ##  ######  ########

You're about to initialize a Firebase project in this directory:

  C:\Users\Charles\Desktop\frontend-mentor\age-calculator-app-main

[debug] [2023-04-08T20:24:47.966Z] <<< [apiv2][status] GET https://firebase-public.firebaseio.com/cli.json 200
[debug] [2023-04-08T20:24:47.968Z] <<< [apiv2][body] GET https://firebase-public.firebaseio.com/cli.json {"cloudBuildErrorAfter":1594252800000,"cloudBuildWarnAfter":1590019200000,"defaultNode10After":1594252800000,"minVersion":"3.0.5","node8DeploysDisabledAfter":1613390400000,"node8RuntimeDisabledAfter":1615809600000,"node8WarnAfter":1600128000000}
[info] 
=== Project Setup
[info] 
[info] First, let's associate this project directory with a Firebase project.
[info] You can create multiple project aliases by running firebase use --add, 
[info] but for now we'll just set up a default project.
[info] 
[debug] [2023-04-08T20:25:05.201Z] > refreshing access token with scopes: []
[debug] [2023-04-08T20:25:05.213Z] >>> [apiv2][query] POST https://www.googleapis.com/oauth2/v3/token [none]
[debug] [2023-04-08T20:25:05.220Z] >>> [apiv2][body] POST https://www.googleapis.com/oauth2/v3/token [omitted]
[debug] [2023-04-08T20:25:06.027Z] <<< [apiv2][status] POST https://www.googleapis.com/oauth2/v3/token 200
[debug] [2023-04-08T20:25:06.027Z] <<< [apiv2][body] POST https://www.googleapis.com/oauth2/v3/token [omitted]
[debug] [2023-04-08T20:25:06.067Z] >>> [apiv2][query] GET https://firebase.googleapis.com/v1beta1/projects pageSize=100
[debug] [2023-04-08T20:25:08.172Z] <<< [apiv2][status] GET https://firebase.googleapis.com/v1beta1/projects 200
[debug] [2023-04-08T20:25:08.173Z] <<< [apiv2][body] GET https://firebase.googleapis.com/v1beta1/projects [omitted]
